0 info it worked if it ends with ok
1 verbose cli [ '/home/billpearce/.nvm/versions/node/v8.11.4/bin/node',
1 verbose cli   '/home/billpearce/.nvm/versions/node/v8.11.4/bin/npm',
1 verbose cli   'run',
1 verbose cli   'dev' ]
2 info using npm@5.6.0
3 info using node@v8.11.4
4 verbose run-script [ 'predev', 'dev', 'postdev' ]
5 info lifecycle AXTDT-Boilerplate-LandingPageBuilder@1.0.0~predev: AXTDT-Boilerplate-LandingPageBuilder@1.0.0
6 info lifecycle AXTDT-Boilerplate-LandingPageBuilder@1.0.0~dev: AXTDT-Boilerplate-LandingPageBuilder@1.0.0
7 verbose lifecycle AXTDT-Boilerplate-LandingPageBuilder@1.0.0~dev: unsafe-perm in lifecycle true
8 verbose lifecycle AXTDT-Boilerplate-LandingPageBuilder@1.0.0~dev: PATH: /home/billpearce/.nvm/versions/node/v8.11.4/lib/node_modules/npm/node_modules/npm-lifecycle/node-gyp-bin:/home/billpearce/Sites/boilerplates/AXTDT-Boilerplate-LandingPageBuilder/node_modules/.bin:/home/billpearce/bin:/home/billpearce/.local/bin:/home/billpearce/.local/bin:/home/billpearce/.nvm/versions/node/v8.11.4/bin:/usr/local/bin:/usr/bin:/bin:/usr/local/games:/usr/games
9 verbose lifecycle AXTDT-Boilerplate-LandingPageBuilder@1.0.0~dev: CWD: /home/billpearce/Sites/boilerplates/AXTDT-Boilerplate-LandingPageBuilder
10 silly lifecycle AXTDT-Boilerplate-LandingPageBuilder@1.0.0~dev: Args: [ '-c', 'gulp serve' ]
11 silly lifecycle AXTDT-Boilerplate-LandingPageBuilder@1.0.0~dev: Returned: code: 1  signal: null
12 info lifecycle AXTDT-Boilerplate-LandingPageBuilder@1.0.0~dev: Failed to exec dev script
13 verbose stack Error: AXTDT-Boilerplate-LandingPageBuilder@1.0.0 dev: `gulp serve`
13 verbose stack Exit status 1
13 verbose stack     at EventEmitter.<anonymous> (/home/billpearce/.nvm/versions/node/v8.11.4/lib/node_modules/npm/node_modules/npm-lifecycle/index.js:285:16)
13 verbose stack     at emitTwo (events.js:126:13)
13 verbose stack     at EventEmitter.emit (events.js:214:7)
13 verbose stack     at ChildProcess.<anonymous> (/home/billpearce/.nvm/versions/node/v8.11.4/lib/node_modules/npm/node_modules/npm-lifecycle/lib/spawn.js:55:14)
13 verbose stack     at emitTwo (events.js:126:13)
13 verbose stack     at ChildProcess.emit (events.js:214:7)
13 verbose stack     at maybeClose (internal/child_process.js:925:16)
13 verbose stack     at Process.ChildProcess._handle.onexit (internal/child_process.js:209:5)
14 verbose pkgid AXTDT-Boilerplate-LandingPageBuilder@1.0.0
15 verbose cwd /home/billpearce/Sites/boilerplates/AXTDT-Boilerplate-LandingPageBuilder
16 verbose Linux 3.18.0-17027-gd16cd4c724f6
17 verbose argv "/home/billpearce/.nvm/versions/node/v8.11.4/bin/node" "/home/billpearce/.nvm/versions/node/v8.11.4/bin/npm" "run" "dev"
18 verbose node v8.11.4
19 verbose npm  v5.6.0
20 error code ELIFECYCLE
21 error errno 1
22 error AXTDT-Boilerplate-LandingPageBuilder@1.0.0 dev: `gulp serve`
22 error Exit status 1
23 error Failed at the AXTDT-Boilerplate-LandingPageBuilder@1.0.0 dev script.
23 error This is probably not a problem with npm. There is likely additional logging output above.
24 verbose exit [ 1, true ]
